2025-01-31 11:45:20.934 [info] Reading sessions from keychain...
2025-01-31 11:45:20.935 [info] Getting sessions for all scopes...
2025-01-31 11:45:20.935 [info] Getting sessions for all scopes...
2025-01-31 11:45:20.935 [info] Getting sessions for all scopes...
2025-01-31 11:45:20.935 [info] Got 0 sessions for ...
2025-01-31 11:45:20.935 [info] Got 0 sessions for ...
2025-01-31 11:45:20.936 [info] Got 0 sessions for ...
2025-01-31 11:45:20.936 [info] Getting sessions for all scopes...
2025-01-31 11:45:20.936 [info] Got 0 sessions for ...
2025-01-31 11:45:20.936 [info] Getting sessions for all scopes...
2025-01-31 11:45:20.937 [info] Got 0 sessions for ...
2025-01-31 11:45:20.937 [info] Getting sessions for all scopes...
2025-01-31 11:45:20.937 [info] Got 0 sessions for ...
2025-01-31 11:45:20.938 [info] Getting sessions for all scopes...
2025-01-31 11:45:20.938 [info] Got 0 sessions for ...
2025-01-31 11:45:20.938 [info] Getting sessions for all scopes...
2025-01-31 11:45:20.938 [info] Got 0 sessions for ...
2025-01-31 11:46:01.537 [info] Getting sessions for read:user,repo,user:email...
2025-01-31 11:46:01.539 [info] Got 0 sessions for read:user,repo,user:email...
2025-01-31 11:46:01.545 [info] Getting sessions for read:user,repo,user:email,workflow...
2025-01-31 11:46:01.545 [info] Got 0 sessions for read:user,repo,user:email,workflow...
2025-01-31 11:46:01.550 [info] Getting sessions for all scopes...
2025-01-31 11:46:01.551 [info] Got 0 sessions for ...
2025-01-31 11:46:01.556 [info] Getting sessions for all scopes...
2025-01-31 11:46:01.557 [info] Got 0 sessions for ...
2025-01-31 11:46:02.641 [info] Getting sessions for read:user...
2025-01-31 11:46:02.641 [info] Got 0 sessions for read:user...
2025-01-31 11:46:02.686 [info] Getting sessions for user:email...
2025-01-31 11:46:02.686 [info] Got 0 sessions for user:email...
2025-01-31 11:46:02.690 [info] Getting sessions for read:user,repo,user:email,workflow...
2025-01-31 11:46:02.693 [info] Got 0 sessions for read:user,repo,user:email,workflow...
2025-01-31 11:46:03.329 [info] Getting sessions for user:email...
2025-01-31 11:46:03.338 [info] Got 0 sessions for user:email...
2025-01-31 11:46:03.342 [info] Getting sessions for all scopes...
2025-01-31 11:46:03.342 [info] Got 0 sessions for ...
2025-01-31 11:46:04.509 [info] Getting sessions for read:user,repo,user:email,workflow...
2025-01-31 11:46:04.509 [info] Got 0 sessions for read:user,repo,user:email,workflow...
2025-01-31 11:46:04.531 [info] Getting sessions for user:email...
2025-01-31 11:46:04.531 [info] Got 0 sessions for user:email...
2025-01-31 11:46:05.256 [info] Getting sessions for read:user...
2025-01-31 11:46:05.257 [info] Got 0 sessions for read:user...
2025-01-31 11:46:05.259 [info] Getting sessions for all scopes...
2025-01-31 11:46:05.260 [info] Got 0 sessions for ...
2025-01-31 11:46:05.277 [info] Getting sessions for user:email...
2025-01-31 11:46:05.277 [info] Got 0 sessions for user:email...
2025-01-31 11:46:05.280 [info] Getting sessions for user:email...
2025-01-31 11:46:05.280 [info] Got 0 sessions for user:email...
2025-01-31 11:46:28.846 [info] Getting sessions for all scopes...
2025-01-31 11:46:28.847 [info] Got 0 sessions for ...
2025-01-31 11:46:28.917 [info] Getting sessions for user:email...
2025-01-31 11:46:28.917 [info] Got 0 sessions for user:email...
2025-01-31 11:46:28.961 [info] Getting sessions for all scopes...
2025-01-31 11:46:28.962 [info] Got 0 sessions for ...
2025-01-31 11:46:28.971 [info] Getting sessions for user:email...
2025-01-31 11:46:28.971 [info] Got 0 sessions for user:email...
